<?xml version="1.0" encoding="UTF-8"?>
<!-- Generated by org.testng.reporters.JUnitReportReporter -->
<testsuite hostname="agus" failures="0" tests="1" name="tests.restPruebas" time="3.698" errors="0" timestamp="2022-04-21T10:18:30 ART" skipped="0">
  <testcase classname="tests.restPruebas" name="listUsers" time="3.698"/>
  <system-out/>
</testsuite> <!-- tests.restPruebas -->
