<?xml version="1.0" encoding="UTF-8"?>
<!-- Generated by org.testng.reporters.JUnitReportReporter -->
<testsuite hostname="agus" failures="0" tests="1" name="tests.restPruebas" time="2.910" errors="0" timestamp="2022-04-21T09:16:03 ART" skipped="0">
  <testcase classname="tests.restPruebas" name="loginTest" time="2.910"/>
  <system-out/>
</testsuite> <!-- tests.restPruebas -->
