<?xml version="1.0" encoding="UTF-8"?>
<!-- Generated by org.testng.reporters.JUnitReportReporter -->
<testsuite hostname="agus" failures="0" tests="2" name="tests.TestExamples" time="4.029" errors="0" timestamp="2022-04-20T19:53:31 ART" skipped="0">
  <testcase classname="tests.TestExamples" name="test_2" time="1.205"/>
  <system-out/>
  <testcase classname="tests.TestExamples" name="test_1" time="2.824"/>
  <system-out/>
</testsuite> <!-- tests.TestExamples -->
