<?xml version="1.0" encoding="UTF-8"?>
<!-- Generated by org.testng.reporters.JUnitReportReporter -->
<testsuite hostname="agus" failures="0" tests="1" name="tests.GetandPostExamples" time="2.677" errors="0" timestamp="2022-04-18T14:47:08 ART" skipped="0">
  <testcase classname="tests.GetandPostExamples" name="testGet" time="2.677"/>
  <system-out/>
</testsuite> <!-- tests.GetandPostExamples -->
